  imgui.cpp
  imgui_demo.cpp
  imgui_draw.cpp
  imgui_impl_glfw.cpp
  imgui_impl_opengl3.cpp
  imgui_impl_vulkan.cpp
  imgui_tables.cpp
  imgui_widgets.cpp
  Debug.cpp
C:\Users\decho\Documents\MoteurVulkan\MoteurVulkan\Source\Debug.cpp(1,10): fatal error C1083: Impossible d'ouvrir le fichier include : 'Debug.h' : No such file or directory
  Renderer.cpp
C:\Users\decho\Documents\MoteurVulkan\MoteurVulkan\Source\Renderer.cpp(1,10): fatal error C1083: Impossible d'ouvrir le fichier include : 'Renderer.h' : No such file or directory
  Application.cpp
C:\Users\decho\Documents\MoteurVulkan\MoteurVulkan\Source\Application.cpp(1,10): fatal error C1083: Impossible d'ouvrir le fichier include : 'Application.h' : No such file or directory
  Engine.cpp
C:\Users\decho\Documents\MoteurVulkan\MoteurVulkan\Source\Engine.cpp(1,10): fatal error C1083: Impossible d'ouvrir le fichier include : 'Engine.h' : No such file or directory
  main.cpp
C:\Users\decho\Documents\MoteurVulkan\MoteurVulkan\Source\main.cpp(3,10): fatal error C1083: Impossible d'ouvrir le fichier include : 'imgui.h' : No such file or directory
  Window.cpp
C:\Users\decho\Documents\MoteurVulkan\MoteurVulkan\Source\Window.cpp(1,10): fatal error C1083: Impossible d'ouvrir le fichier include : 'Window.h' : No such file or directory
